  Structure_Health.cpp
E:\108325105_0321\程式規劃(二)_C_programming\Structure_Health\Structure_Health\Structure_Health.cpp(24,44): warning C4838: 從 'double' 到 'char' 的轉換必須是縮小轉換
E:\108325105_0321\程式規劃(二)_C_programming\Structure_Health\Structure_Health\Structure_Health.cpp(24,44): warning C4244: '正在初始化': 將 'double' 轉換為 'char'，由於類型不同，可能導致資料遺失
E:\108325105_0321\程式規劃(二)_C_programming\Structure_Health\Structure_Health\Structure_Health.cpp(28,15): warning C4996: 'fopen': This function or variable may be unsafe. Consider using fopen_s instead. To disable deprecation, use _CRT_SECURE_NO_WARNINGS. See online help for details.
E:\108325105_0321\程式規劃(二)_C_programming\Structure_Health\Structure_Health\Structure_Health.cpp(34,16): warning C4996: 'fopen': This function or variable may be unsafe. Consider using fopen_s instead. To disable deprecation, use _CRT_SECURE_NO_WARNINGS. See online help for details.
E:\108325105_0321\程式規劃(二)_C_programming\Structure_Health\Structure_Health\Structure_Health.cpp(41,4): warning C4996: 'fscanf': This function or variable may be unsafe. Consider using fscanf_s instead. To disable deprecation, use _CRT_SECURE_NO_WARNINGS. See online help for details.
E:\108325105_0321\程式規劃(二)_C_programming\Structure_Health\Structure_Health\Structure_Health.cpp(45,5): warning C4996: 'strcpy': This function or variable may be unsafe. Consider using strcpy_s instead. To disable deprecation, use _CRT_SECURE_NO_WARNINGS. See online help for details.
E:\108325105_0321\程式規劃(二)_C_programming\Structure_Health\Structure_Health\Structure_Health.cpp(47,5): warning C4996: 'fscanf': This function or variable may be unsafe. Consider using fscanf_s instead. To disable deprecation, use _CRT_SECURE_NO_WARNINGS. See online help for details.
E:\108325105_0321\程式規劃(二)_C_programming\Structure_Health\Structure_Health\Structure_Health.cpp(61,5): warning C4996: 'fscanf': This function or variable may be unsafe. Consider using fscanf_s instead. To disable deprecation, use _CRT_SECURE_NO_WARNINGS. See online help for details.
E:\108325105_0321\程式規劃(二)_C_programming\Structure_Health\Structure_Health\Structure_Health.cpp(73,3): warning C4996: 'scanf': This function or variable may be unsafe. Consider using scanf_s instead. To disable deprecation, use _CRT_SECURE_NO_WARNINGS. See online help for details.
E:\108325105_0321\程式規劃(二)_C_programming\Structure_Health\Structure_Health\Structure_Health.cpp(112,15): warning C4996: 'fopen': This function or variable may be unsafe. Consider using fopen_s instead. To disable deprecation, use _CRT_SECURE_NO_WARNINGS. See online help for details.
E:\108325105_0321\程式規劃(二)_C_programming\Structure_Health\Structure_Health\Structure_Health.cpp(143,15): warning C4996: 'fopen': This function or variable may be unsafe. Consider using fopen_s instead. To disable deprecation, use _CRT_SECURE_NO_WARNINGS. See online help for details.
E:\108325105_0321\程式規劃(二)_C_programming\Structure_Health\Structure_Health\Structure_Health.cpp(172,43): warning C4838: 從 'double' 到 'char' 的轉換必須是縮小轉換
E:\108325105_0321\程式規劃(二)_C_programming\Structure_Health\Structure_Health\Structure_Health.cpp(172,43): warning C4244: '正在初始化': 將 'double' 轉換為 'char'，由於類型不同，可能導致資料遺失
E:\108325105_0321\程式規劃(二)_C_programming\Structure_Health\Structure_Health\Structure_Health.cpp(172,78): warning C4838: 從 'double' 到 'char' 的轉換必須是縮小轉換
E:\108325105_0321\程式規劃(二)_C_programming\Structure_Health\Structure_Health\Structure_Health.cpp(172,78): warning C4244: '正在初始化': 將 'double' 轉換為 'char'，由於類型不同，可能導致資料遺失
E:\108325105_0321\程式規劃(二)_C_programming\Structure_Health\Structure_Health\Structure_Health.cpp(175,15): warning C4996: 'fopen': This function or variable may be unsafe. Consider using fopen_s instead. To disable deprecation, use _CRT_SECURE_NO_WARNINGS. See online help for details.
E:\108325105_0321\程式規劃(二)_C_programming\Structure_Health\Structure_Health\Structure_Health.cpp(223,2): warning C4996: 'scanf': This function or variable may be unsafe. Consider using scanf_s instead. To disable deprecation, use _CRT_SECURE_NO_WARNINGS. See online help for details.
E:\108325105_0321\程式規劃(二)_C_programming\Structure_Health\Structure_Health\Structure_Health.cpp(225,2): warning C4996: 'scanf': This function or variable may be unsafe. Consider using scanf_s instead. To disable deprecation, use _CRT_SECURE_NO_WARNINGS. See online help for details.
E:\108325105_0321\程式規劃(二)_C_programming\Structure_Health\Structure_Health\Structure_Health.cpp(227,2): warning C4996: 'scanf': This function or variable may be unsafe. Consider using scanf_s instead. To disable deprecation, use _CRT_SECURE_NO_WARNINGS. See online help for details.
E:\108325105_0321\程式規劃(二)_C_programming\Structure_Health\Structure_Health\Structure_Health.cpp(229,2): warning C4996: 'scanf': This function or variable may be unsafe. Consider using scanf_s instead. To disable deprecation, use _CRT_SECURE_NO_WARNINGS. See online help for details.
E:\108325105_0321\程式規劃(二)_C_programming\Structure_Health\Structure_Health\Structure_Health.cpp(231,2): warning C4996: 'scanf': This function or variable may be unsafe. Consider using scanf_s instead. To disable deprecation, use _CRT_SECURE_NO_WARNINGS. See online help for details.
E:\108325105_0321\程式規劃(二)_C_programming\Structure_Health\Structure_Health\Structure_Health.cpp(236,15): warning C4996: 'fopen': This function or variable may be unsafe. Consider using fopen_s instead. To disable deprecation, use _CRT_SECURE_NO_WARNINGS. See online help for details.
E:\108325105_0321\程式規劃(二)_C_programming\Structure_Health\Structure_Health\Structure_Health.cpp(221,35): warning C4101: 'usernum': 未參考的區域變數
E:\108325105_0321\程式規劃(二)_C_programming\Structure_Health\Structure_Health\Structure_Health.cpp(220,24): warning C4101: 'no': 未參考的區域變數
E:\108325105_0321\程式規劃(二)_C_programming\Structure_Health\Structure_Health\Structure_Health.cpp(266,2): warning C4996: 'scanf': This function or variable may be unsafe. Consider using scanf_s instead. To disable deprecation, use _CRT_SECURE_NO_WARNINGS. See online help for details.
E:\108325105_0321\程式規劃(二)_C_programming\Structure_Health\Structure_Health\Structure_Health.cpp(268,2): warning C4996: 'scanf': This function or variable may be unsafe. Consider using scanf_s instead. To disable deprecation, use _CRT_SECURE_NO_WARNINGS. See online help for details.
E:\108325105_0321\程式規劃(二)_C_programming\Structure_Health\Structure_Health\Structure_Health.cpp(270,2): warning C4996: 'scanf': This function or variable may be unsafe. Consider using scanf_s instead. To disable deprecation, use _CRT_SECURE_NO_WARNINGS. See online help for details.
E:\108325105_0321\程式規劃(二)_C_programming\Structure_Health\Structure_Health\Structure_Health.cpp(272,2): warning C4996: 'scanf': This function or variable may be unsafe. Consider using scanf_s instead. To disable deprecation, use _CRT_SECURE_NO_WARNINGS. See online help for details.
E:\108325105_0321\程式規劃(二)_C_programming\Structure_Health\Structure_Health\Structure_Health.cpp(274,2): warning C4996: 'scanf': This function or variable may be unsafe. Consider using scanf_s instead. To disable deprecation, use _CRT_SECURE_NO_WARNINGS. See online help for details.
E:\108325105_0321\程式規劃(二)_C_programming\Structure_Health\Structure_Health\Structure_Health.cpp(277,15): warning C4996: 'fopen': This function or variable may be unsafe. Consider using fopen_s instead. To disable deprecation, use _CRT_SECURE_NO_WARNINGS. See online help for details.
E:\108325105_0321\程式規劃(二)_C_programming\Structure_Health\Structure_Health\Structure_Health.cpp(314,15): warning C4996: 'fopen': This function or variable may be unsafe. Consider using fopen_s instead. To disable deprecation, use _CRT_SECURE_NO_WARNINGS. See online help for details.
E:\108325105_0321\程式規劃(二)_C_programming\Structure_Health\Structure_Health\Structure_Health.cpp(320,16): warning C4996: 'fopen': This function or variable may be unsafe. Consider using fopen_s instead. To disable deprecation, use _CRT_SECURE_NO_WARNINGS. See online help for details.
E:\108325105_0321\程式規劃(二)_C_programming\Structure_Health\Structure_Health\Structure_Health.cpp(335,6): warning C4996: 'scanf': This function or variable may be unsafe. Consider using scanf_s instead. To disable deprecation, use _CRT_SECURE_NO_WARNINGS. See online help for details.
E:\108325105_0321\程式規劃(二)_C_programming\Structure_Health\Structure_Health\Structure_Health.cpp(362,15): warning C4996: 'fopen': This function or variable may be unsafe. Consider using fopen_s instead. To disable deprecation, use _CRT_SECURE_NO_WARNINGS. See online help for details.
E:\108325105_0321\程式規劃(二)_C_programming\Structure_Health\Structure_Health\Structure_Health.cpp(368,16): warning C4996: 'fopen': This function or variable may be unsafe. Consider using fopen_s instead. To disable deprecation, use _CRT_SECURE_NO_WARNINGS. See online help for details.
  Structure_Health.vcxproj -> E:\108325105_0321\程式規劃(二)_C_programming\Structure_Health\Debug\Structure_Health.exe
